{"/Users/uliana.deshin/Downloads/junior-swe-take-home/test_calculator.js":{"path":"/Users/uliana.deshin/Downloads/junior-swe-take-home/test_calculator.js","statementMap":{"0":{"start":{"line":6,"column":15},"end":{"line":6,"column":32}},"1":{"start":{"line":7,"column":72},"end":{"line":7,"column":104}},"2":{"start":{"line":9,"column":0},"end":{"line":169,"column":2}},"3":{"start":{"line":18,"column":2},"end":{"line":23,"column":5}},"4":{"start":{"line":19,"column":4},"end":{"line":22,"column":50}},"5":{"start":{"line":20,"column":6},"end":{"line":20,"column":64}},"6":{"start":{"line":25,"column":2},"end":{"line":30,"column":5}},"7":{"start":{"line":26,"column":4},"end":{"line":29,"column":50}},"8":{"start":{"line":27,"column":6},"end":{"line":27,"column":60}},"9":{"start":{"line":32,"column":2},"end":{"line":37,"column":5}},"10":{"start":{"line":33,"column":4},"end":{"line":36,"column":67}},"11":{"start":{"line":34,"column":6},"end":{"line":34,"column":65}},"12":{"start":{"line":39,"column":2},"end":{"line":44,"column":5}},"13":{"start":{"line":40,"column":4},"end":{"line":43,"column":52}},"14":{"start":{"line":41,"column":6},"end":{"line":41,"column":61}},"15":{"start":{"line":46,"column":2},"end":{"line":51,"column":5}},"16":{"start":{"line":47,"column":4},"end":{"line":50,"column":54}},"17":{"start":{"line":48,"column":6},"end":{"line":48,"column":62}},"18":{"start":{"line":53,"column":2},"end":{"line":58,"column":5}},"19":{"start":{"line":54,"column":4},"end":{"line":57,"column":44}},"20":{"start":{"line":55,"column":6},"end":{"line":55,"column":38}},"21":{"start":{"line":60,"column":2},"end":{"line":65,"column":5}},"22":{"start":{"line":61,"column":4},"end":{"line":64,"column":43}},"23":{"start":{"line":62,"column":6},"end":{"line":62,"column":65}},"24":{"start":{"line":67,"column":2},"end":{"line":72,"column":5}},"25":{"start":{"line":68,"column":4},"end":{"line":71,"column":55}},"26":{"start":{"line":69,"column":6},"end":{"line":69,"column":64}},"27":{"start":{"line":74,"column":2},"end":{"line":79,"column":5}},"28":{"start":{"line":75,"column":4},"end":{"line":78,"column":46}},"29":{"start":{"line":76,"column":6},"end":{"line":76,"column":65}},"30":{"start":{"line":81,"column":2},"end":{"line":84,"column":5}},"31":{"start":{"line":82,"column":19},"end":{"line":82,"column":77}},"32":{"start":{"line":83,"column":4},"end":{"line":83,"column":53}},"33":{"start":{"line":85,"column":2},"end":{"line":88,"column":5}},"34":{"start":{"line":86,"column":19},"end":{"line":86,"column":77}},"35":{"start":{"line":87,"column":4},"end":{"line":87,"column":53}},"36":{"start":{"line":89,"column":2},"end":{"line":95,"column":5}},"37":{"start":{"line":92,"column":19},"end":{"line":92,"column":77}},"38":{"start":{"line":93,"column":4},"end":{"line":93,"column":48}},"39":{"start":{"line":94,"column":4},"end":{"line":94,"column":51}},"40":{"start":{"line":96,"column":2},"end":{"line":102,"column":5}},"41":{"start":{"line":99,"column":19},"end":{"line":99,"column":77}},"42":{"start":{"line":100,"column":4},"end":{"line":100,"column":48}},"43":{"start":{"line":101,"column":4},"end":{"line":101,"column":51}},"44":{"start":{"line":103,"column":2},"end":{"line":109,"column":5}},"45":{"start":{"line":106,"column":26},"end":{"line":106,"column":80}},"46":{"start":{"line":107,"column":24},"end":{"line":107,"column":82}},"47":{"start":{"line":108,"column":4},"end":{"line":108,"column":91}},"48":{"start":{"line":111,"column":2},"end":{"line":117,"column":5}},"49":{"start":{"line":112,"column":19},"end":{"line":114,"column":5}},"50":{"start":{"line":116,"column":4},"end":{"line":116,"column":55}},"51":{"start":{"line":119,"column":2},"end":{"line":125,"column":5}},"52":{"start":{"line":120,"column":19},"end":{"line":122,"column":5}},"53":{"start":{"line":124,"column":4},"end":{"line":124,"column":55}},"54":{"start":{"line":127,"column":2},"end":{"line":133,"column":5}},"55":{"start":{"line":128,"column":19},"end":{"line":130,"column":5}},"56":{"start":{"line":132,"column":4},"end":{"line":132,"column":55}},"57":{"start":{"line":134,"column":2},"end":{"line":138,"column":5}},"58":{"start":{"line":135,"column":19},"end":{"line":135,"column":69}},"59":{"start":{"line":137,"column":4},"end":{"line":137,"column":57}},"60":{"start":{"line":140,"column":2},"end":{"line":144,"column":5}},"61":{"start":{"line":141,"column":19},"end":{"line":141,"column":69}},"62":{"start":{"line":143,"column":4},"end":{"line":143,"column":57}},"63":{"start":{"line":146,"column":2},"end":{"line":150,"column":5}},"64":{"start":{"line":147,"column":19},"end":{"line":147,"column":69}},"65":{"start":{"line":149,"column":4},"end":{"line":149,"column":57}},"66":{"start":{"line":152,"column":2},"end":{"line":156,"column":5}},"67":{"start":{"line":153,"column":19},"end":{"line":153,"column":69}},"68":{"start":{"line":155,"column":4},"end":{"line":155,"column":57}},"69":{"start":{"line":158,"column":2},"end":{"line":162,"column":5}},"70":{"start":{"line":159,"column":19},"end":{"line":159,"column":70}},"71":{"start":{"line":161,"column":4},"end":{"line":161,"column":57}},"72":{"start":{"line":164,"column":2},"end":{"line":168,"column":5}},"73":{"start":{"line":165,"column":19},"end":{"line":165,"column":70}},"74":{"start":{"line":167,"column":4},"end":{"line":167,"column":57}},"75":{"start":{"line":171,"column":0},"end":{"line":202,"column":2}},"76":{"start":{"line":172,"column":2},"end":{"line":174,"column":5}},"77":{"start":{"line":173,"column":4},"end":{"line":173,"column":42}},"78":{"start":{"line":173,"column":20},"end":{"line":173,"column":41}},"79":{"start":{"line":175,"column":2},"end":{"line":177,"column":5}},"80":{"start":{"line":176,"column":4},"end":{"line":176,"column":45}},"81":{"start":{"line":176,"column":20},"end":{"line":176,"column":44}},"82":{"start":{"line":178,"column":2},"end":{"line":185,"column":5}},"83":{"start":{"line":179,"column":4},"end":{"line":184,"column":5}},"84":{"start":{"line":179,"column":24},"end":{"line":179,"column":46}},"85":{"start":{"line":186,"column":2},"end":{"line":193,"column":5}},"86":{"start":{"line":187,"column":4},"end":{"line":192,"column":5}},"87":{"start":{"line":187,"column":24},"end":{"line":187,"column":44}},"88":{"start":{"line":194,"column":2},"end":{"line":201,"column":5}},"89":{"start":{"line":195,"column":4},"end":{"line":200,"column":5}},"90":{"start":{"line":195,"column":24},"end":{"line":195,"column":41}},"91":{"start":{"line":204,"column":0},"end":{"line":236,"column":2}},"92":{"start":{"line":205,"column":2},"end":{"line":207,"column":5}},"93":{"start":{"line":206,"column":4},"end":{"line":206,"column":42}},"94":{"start":{"line":206,"column":20},"end":{"line":206,"column":41}},"95":{"start":{"line":208,"column":2},"end":{"line":210,"column":5}},"96":{"start":{"line":209,"column":4},"end":{"line":209,"column":42}},"97":{"start":{"line":209,"column":20},"end":{"line":209,"column":41}},"98":{"start":{"line":211,"column":2},"end":{"line":218,"column":5}},"99":{"start":{"line":212,"column":4},"end":{"line":217,"column":5}},"100":{"start":{"line":212,"column":24},"end":{"line":212,"column":50}},"101":{"start":{"line":219,"column":2},"end":{"line":226,"column":5}},"102":{"start":{"line":220,"column":4},"end":{"line":225,"column":5}},"103":{"start":{"line":220,"column":24},"end":{"line":220,"column":47}},"104":{"start":{"line":227,"column":2},"end":{"line":235,"column":5}},"105":{"start":{"line":228,"column":4},"end":{"line":233,"column":5}},"106":{"start":{"line":228,"column":24},"end":{"line":228,"column":46}}},"fnMap":{"0":{"name":"(anonymous_0)","decl":{"start":{"line":9,"column":42},"end":{"line":9,"column":43}},"loc":{"start":{"line":9,"column":48},"end":{"line":169,"column":1}},"line":9},"1":{"name":"(anonymous_1)","decl":{"start":{"line":18,"column":51},"end":{"line":18,"column":52}},"loc":{"start":{"line":18,"column":63},"end":{"line":23,"column":3}},"line":18},"2":{"name":"(anonymous_2)","decl":{"start":{"line":19,"column":25},"end":{"line":19,"column":26}},"loc":{"start":{"line":19,"column":37},"end":{"line":21,"column":5}},"line":19},"3":{"name":"(anonymous_3)","decl":{"start":{"line":25,"column":47},"end":{"line":25,"column":48}},"loc":{"start":{"line":25,"column":59},"end":{"line":30,"column":3}},"line":25},"4":{"name":"(anonymous_4)","decl":{"start":{"line":26,"column":25},"end":{"line":26,"column":26}},"loc":{"start":{"line":26,"column":37},"end":{"line":28,"column":5}},"line":26},"5":{"name":"(anonymous_5)","decl":{"start":{"line":32,"column":58},"end":{"line":32,"column":59}},"loc":{"start":{"line":32,"column":70},"end":{"line":37,"column":3}},"line":32},"6":{"name":"(anonymous_6)","decl":{"start":{"line":33,"column":25},"end":{"line":33,"column":26}},"loc":{"start":{"line":33,"column":37},"end":{"line":35,"column":5}},"line":33},"7":{"name":"(anonymous_7)","decl":{"start":{"line":39,"column":55},"end":{"line":39,"column":56}},"loc":{"start":{"line":39,"column":67},"end":{"line":44,"column":3}},"line":39},"8":{"name":"(anonymous_8)","decl":{"start":{"line":40,"column":25},"end":{"line":40,"column":26}},"loc":{"start":{"line":40,"column":37},"end":{"line":42,"column":5}},"line":40},"9":{"name":"(anonymous_9)","decl":{"start":{"line":46,"column":57},"end":{"line":46,"column":58}},"loc":{"start":{"line":46,"column":69},"end":{"line":51,"column":3}},"line":46},"10":{"name":"(anonymous_10)","decl":{"start":{"line":47,"column":25},"end":{"line":47,"column":26}},"loc":{"start":{"line":47,"column":37},"end":{"line":49,"column":5}},"line":47},"11":{"name":"(anonymous_11)","decl":{"start":{"line":53,"column":53},"end":{"line":53,"column":54}},"loc":{"start":{"line":53,"column":65},"end":{"line":58,"column":3}},"line":53},"12":{"name":"(anonymous_12)","decl":{"start":{"line":54,"column":25},"end":{"line":54,"column":26}},"loc":{"start":{"line":54,"column":37},"end":{"line":56,"column":5}},"line":54},"13":{"name":"(anonymous_13)","decl":{"start":{"line":60,"column":62},"end":{"line":60,"column":63}},"loc":{"start":{"line":60,"column":74},"end":{"line":65,"column":3}},"line":60},"14":{"name":"(anonymous_14)","decl":{"start":{"line":61,"column":25},"end":{"line":61,"column":26}},"loc":{"start":{"line":61,"column":37},"end":{"line":63,"column":5}},"line":61},"15":{"name":"(anonymous_15)","decl":{"start":{"line":67,"column":68},"end":{"line":67,"column":69}},"loc":{"start":{"line":67,"column":80},"end":{"line":72,"column":3}},"line":67},"16":{"name":"(anonymous_16)","decl":{"start":{"line":68,"column":25},"end":{"line":68,"column":26}},"loc":{"start":{"line":68,"column":37},"end":{"line":70,"column":5}},"line":68},"17":{"name":"(anonymous_17)","decl":{"start":{"line":74,"column":63},"end":{"line":74,"column":64}},"loc":{"start":{"line":74,"column":75},"end":{"line":79,"column":3}},"line":74},"18":{"name":"(anonymous_18)","decl":{"start":{"line":75,"column":25},"end":{"line":75,"column":26}},"loc":{"start":{"line":75,"column":37},"end":{"line":77,"column":5}},"line":75},"19":{"name":"(anonymous_19)","decl":{"start":{"line":81,"column":61},"end":{"line":81,"column":62}},"loc":{"start":{"line":81,"column":73},"end":{"line":84,"column":3}},"line":81},"20":{"name":"(anonymous_20)","decl":{"start":{"line":85,"column":61},"end":{"line":85,"column":62}},"loc":{"start":{"line":85,"column":73},"end":{"line":88,"column":3}},"line":85},"21":{"name":"(anonymous_21)","decl":{"start":{"line":89,"column":63},"end":{"line":89,"column":64}},"loc":{"start":{"line":89,"column":75},"end":{"line":95,"column":3}},"line":89},"22":{"name":"(anonymous_22)","decl":{"start":{"line":96,"column":65},"end":{"line":96,"column":66}},"loc":{"start":{"line":96,"column":77},"end":{"line":102,"column":3}},"line":96},"23":{"name":"(anonymous_23)","decl":{"start":{"line":103,"column":73},"end":{"line":103,"column":74}},"loc":{"start":{"line":103,"column":85},"end":{"line":109,"column":3}},"line":103},"24":{"name":"(anonymous_24)","decl":{"start":{"line":111,"column":80},"end":{"line":111,"column":81}},"loc":{"start":{"line":111,"column":92},"end":{"line":117,"column":3}},"line":111},"25":{"name":"(anonymous_25)","decl":{"start":{"line":119,"column":72},"end":{"line":119,"column":73}},"loc":{"start":{"line":119,"column":84},"end":{"line":125,"column":3}},"line":119},"26":{"name":"(anonymous_26)","decl":{"start":{"line":127,"column":80},"end":{"line":127,"column":81}},"loc":{"start":{"line":127,"column":92},"end":{"line":133,"column":3}},"line":127},"27":{"name":"(anonymous_27)","decl":{"start":{"line":134,"column":80},"end":{"line":134,"column":81}},"loc":{"start":{"line":134,"column":92},"end":{"line":138,"column":3}},"line":134},"28":{"name":"(anonymous_28)","decl":{"start":{"line":140,"column":72},"end":{"line":140,"column":73}},"loc":{"start":{"line":140,"column":84},"end":{"line":144,"column":3}},"line":140},"29":{"name":"(anonymous_29)","decl":{"start":{"line":146,"column":80},"end":{"line":146,"column":81}},"loc":{"start":{"line":146,"column":92},"end":{"line":150,"column":3}},"line":146},"30":{"name":"(anonymous_30)","decl":{"start":{"line":152,"column":81},"end":{"line":152,"column":82}},"loc":{"start":{"line":152,"column":93},"end":{"line":156,"column":3}},"line":152},"31":{"name":"(anonymous_31)","decl":{"start":{"line":158,"column":73},"end":{"line":158,"column":74}},"loc":{"start":{"line":158,"column":85},"end":{"line":162,"column":3}},"line":158},"32":{"name":"(anonymous_32)","decl":{"start":{"line":164,"column":81},"end":{"line":164,"column":82}},"loc":{"start":{"line":164,"column":93},"end":{"line":168,"column":3}},"line":164},"33":{"name":"(anonymous_33)","decl":{"start":{"line":171,"column":35},"end":{"line":171,"column":36}},"loc":{"start":{"line":171,"column":41},"end":{"line":202,"column":1}},"line":171},"34":{"name":"(anonymous_34)","decl":{"start":{"line":172,"column":53},"end":{"line":172,"column":54}},"loc":{"start":{"line":172,"column":59},"end":{"line":174,"column":3}},"line":172},"35":{"name":"(anonymous_35)","decl":{"start":{"line":173,"column":14},"end":{"line":173,"column":15}},"loc":{"start":{"line":173,"column":20},"end":{"line":173,"column":41}},"line":173},"36":{"name":"(anonymous_36)","decl":{"start":{"line":175,"column":49},"end":{"line":175,"column":50}},"loc":{"start":{"line":175,"column":55},"end":{"line":177,"column":3}},"line":175},"37":{"name":"(anonymous_37)","decl":{"start":{"line":176,"column":14},"end":{"line":176,"column":15}},"loc":{"start":{"line":176,"column":20},"end":{"line":176,"column":44}},"line":176},"38":{"name":"(anonymous_38)","decl":{"start":{"line":178,"column":47},"end":{"line":178,"column":48}},"loc":{"start":{"line":178,"column":53},"end":{"line":185,"column":3}},"line":178},"39":{"name":"(anonymous_39)","decl":{"start":{"line":179,"column":18},"end":{"line":179,"column":19}},"loc":{"start":{"line":179,"column":24},"end":{"line":179,"column":46}},"line":179},"40":{"name":"(anonymous_40)","decl":{"start":{"line":186,"column":52},"end":{"line":186,"column":53}},"loc":{"start":{"line":186,"column":58},"end":{"line":193,"column":3}},"line":186},"41":{"name":"(anonymous_41)","decl":{"start":{"line":187,"column":18},"end":{"line":187,"column":19}},"loc":{"start":{"line":187,"column":24},"end":{"line":187,"column":44}},"line":187},"42":{"name":"(anonymous_42)","decl":{"start":{"line":194,"column":48},"end":{"line":194,"column":49}},"loc":{"start":{"line":194,"column":54},"end":{"line":201,"column":3}},"line":194},"43":{"name":"(anonymous_43)","decl":{"start":{"line":195,"column":18},"end":{"line":195,"column":19}},"loc":{"start":{"line":195,"column":24},"end":{"line":195,"column":41}},"line":195},"44":{"name":"(anonymous_44)","decl":{"start":{"line":204,"column":39},"end":{"line":204,"column":40}},"loc":{"start":{"line":204,"column":45},"end":{"line":236,"column":1}},"line":204},"45":{"name":"(anonymous_45)","decl":{"start":{"line":205,"column":53},"end":{"line":205,"column":54}},"loc":{"start":{"line":205,"column":59},"end":{"line":207,"column":3}},"line":205},"46":{"name":"(anonymous_46)","decl":{"start":{"line":206,"column":14},"end":{"line":206,"column":15}},"loc":{"start":{"line":206,"column":20},"end":{"line":206,"column":41}},"line":206},"47":{"name":"(anonymous_47)","decl":{"start":{"line":208,"column":36},"end":{"line":208,"column":37}},"loc":{"start":{"line":208,"column":42},"end":{"line":210,"column":3}},"line":208},"48":{"name":"(anonymous_48)","decl":{"start":{"line":209,"column":14},"end":{"line":209,"column":15}},"loc":{"start":{"line":209,"column":20},"end":{"line":209,"column":41}},"line":209},"49":{"name":"(anonymous_49)","decl":{"start":{"line":211,"column":51},"end":{"line":211,"column":52}},"loc":{"start":{"line":211,"column":57},"end":{"line":218,"column":3}},"line":211},"50":{"name":"(anonymous_50)","decl":{"start":{"line":212,"column":18},"end":{"line":212,"column":19}},"loc":{"start":{"line":212,"column":24},"end":{"line":212,"column":50}},"line":212},"51":{"name":"(anonymous_51)","decl":{"start":{"line":219,"column":58},"end":{"line":219,"column":59}},"loc":{"start":{"line":219,"column":64},"end":{"line":226,"column":3}},"line":219},"52":{"name":"(anonymous_52)","decl":{"start":{"line":220,"column":18},"end":{"line":220,"column":19}},"loc":{"start":{"line":220,"column":24},"end":{"line":220,"column":47}},"line":220},"53":{"name":"(anonymous_53)","decl":{"start":{"line":227,"column":56},"end":{"line":227,"column":57}},"loc":{"start":{"line":227,"column":62},"end":{"line":235,"column":3}},"line":227},"54":{"name":"(anonymous_54)","decl":{"start":{"line":228,"column":18},"end":{"line":228,"column":19}},"loc":{"start":{"line":228,"column":24},"end":{"line":228,"column":46}},"line":228}},"branchMap":{},"s":{"0":1,"1":1,"2":1,"3":1,"4":1,"5":1,"6":1,"7":1,"8":1,"9":1,"10":1,"11":1,"12":1,"13":1,"14":1,"15":1,"16":1,"17":1,"18":1,"19":1,"20":1,"21":1,"22":1,"23":1,"24":1,"25":1,"26":1,"27":1,"28":1,"29":1,"30":1,"31":1,"32":1,"33":1,"34":1,"35":1,"36":1,"37":1,"38":1,"39":1,"40":1,"41":1,"42":1,"43":1,"44":1,"45":1,"46":1,"47":1,"48":1,"49":1,"50":1,"51":1,"52":1,"53":1,"54":1,"55":1,"56":1,"57":1,"58":1,"59":1,"60":1,"61":1,"62":1,"63":1,"64":1,"65":1,"66":1,"67":1,"68":1,"69":1,"70":1,"71":1,"72":1,"73":1,"74":1,"75":1,"76":1,"77":1,"78":0,"79":1,"80":1,"81":0,"82":1,"83":1,"84":1,"85":1,"86":1,"87":1,"88":1,"89":1,"90":1,"91":1,"92":1,"93":1,"94":0,"95":1,"96":1,"97":0,"98":1,"99":1,"100":1,"101":1,"102":1,"103":1,"104":1,"105":1,"106":1},"f":{"0":1,"1":1,"2":1,"3":1,"4":1,"5":1,"6":1,"7":1,"8":1,"9":1,"10":1,"11":1,"12":1,"13":1,"14":1,"15":1,"16":1,"17":1,"18":1,"19":1,"20":1,"21":1,"22":1,"23":1,"24":1,"25":1,"26":1,"27":1,"28":1,"29":1,"30":1,"31":1,"32":1,"33":1,"34":1,"35":0,"36":1,"37":0,"38":1,"39":1,"40":1,"41":1,"42":1,"43":1,"44":1,"45":1,"46":0,"47":1,"48":0,"49":1,"50":1,"51":1,"52":1,"53":1,"54":1},"b":{},"_coverageSchema":"1a1c01bbd47fc00a2c39e90264f33305004495a9","hash":"a66de6bab177e3d5e2e4d9cd4c18b049222b2aeb","contentHash":"4a187fe65d86ecf5347222aeb96cca3a6ea168e2edac8a7e566d93513c3d4281"},"/Users/uliana.deshin/Downloads/junior-swe-take-home/borrowingCalculator.js":{"path":"/Users/uliana.deshin/Downloads/junior-swe-take-home/borrowingCalculator.js","statementMap":{"0":{"start":{"line":8,"column":25},"end":{"line":8,"column":28}},"1":{"start":{"line":9,"column":22},"end":{"line":9,"column":25}},"2":{"start":{"line":10,"column":31},"end":{"line":10,"column":34}},"3":{"start":{"line":13,"column":4},"end":{"line":17,"column":5}},"4":{"start":{"line":14,"column":8},"end":{"line":14,"column":61}},"5":{"start":{"line":15,"column":11},"end":{"line":17,"column":5}},"6":{"start":{"line":16,"column":8},"end":{"line":16,"column":55}},"7":{"start":{"line":18,"column":4},"end":{"line":18,"column":16}},"8":{"start":{"line":21,"column":4},"end":{"line":25,"column":5}},"9":{"start":{"line":22,"column":8},"end":{"line":22,"column":59}},"10":{"start":{"line":23,"column":11},"end":{"line":25,"column":5}},"11":{"start":{"line":24,"column":8},"end":{"line":24,"column":76}},"12":{"start":{"line":26,"column":4},"end":{"line":26,"column":16}},"13":{"start":{"line":30,"column":4},"end":{"line":30,"column":27}},"14":{"start":{"line":31,"column":4},"end":{"line":42,"column":5}},"15":{"start":{"line":32,"column":25},"end":{"line":36,"column":9}},"16":{"start":{"line":37,"column":21},"end":{"line":37,"column":42}},"17":{"start":{"line":39,"column":8},"end":{"line":39,"column":24}},"18":{"start":{"line":41,"column":8},"end":{"line":41,"column":74}},"19":{"start":{"line":47,"column":4},"end":{"line":47,"column":27}},"20":{"start":{"line":48,"column":4},"end":{"line":48,"column":35}},"21":{"start":{"line":49,"column":4},"end":{"line":62,"column":5}},"22":{"start":{"line":50,"column":25},"end":{"line":56,"column":9}},"23":{"start":{"line":57,"column":21},"end":{"line":57,"column":42}},"24":{"start":{"line":59,"column":8},"end":{"line":59,"column":24}},"25":{"start":{"line":61,"column":8},"end":{"line":61,"column":74}},"26":{"start":{"line":69,"column":4},"end":{"line":71,"column":5}},"27":{"start":{"line":69,"column":85},"end":{"line":69,"column":100}},"28":{"start":{"line":70,"column":8},"end":{"line":70,"column":54}},"29":{"start":{"line":72,"column":4},"end":{"line":74,"column":5}},"30":{"start":{"line":72,"column":85},"end":{"line":72,"column":94}},"31":{"start":{"line":73,"column":8},"end":{"line":73,"column":57}},"32":{"start":{"line":77,"column":22},"end":{"line":77,"column":42}},"33":{"start":{"line":78,"column":29},"end":{"line":78,"column":54}},"34":{"start":{"line":81,"column":24},"end":{"line":81,"column":56}},"35":{"start":{"line":82,"column":32},"end":{"line":82,"column":63}},"36":{"start":{"line":85,"column":32},"end":{"line":85,"column":51}},"37":{"start":{"line":88,"column":32},"end":{"line":88,"column":92}},"38":{"start":{"line":91,"column":4},"end":{"line":93,"column":5}},"39":{"start":{"line":92,"column":8},"end":{"line":92,"column":57}},"40":{"start":{"line":96,"column":24},"end":{"line":96,"column":57}},"41":{"start":{"line":100,"column":26},"end":{"line":100,"column":115}},"42":{"start":{"line":102,"column":4},"end":{"line":105,"column":6}},"43":{"start":{"line":109,"column":21},"end":{"line":109,"column":54}},"44":{"start":{"line":110,"column":15},"end":{"line":110,"column":89}},"45":{"start":{"line":111,"column":4},"end":{"line":134,"column":5}},"46":{"start":{"line":112,"column":8},"end":{"line":112,"column":59}},"47":{"start":{"line":113,"column":8},"end":{"line":113,"column":59}},"48":{"start":{"line":115,"column":23},"end":{"line":115,"column":66}},"49":{"start":{"line":116,"column":27},"end":{"line":116,"column":70}},"50":{"start":{"line":117,"column":25},"end":{"line":117,"column":73}},"51":{"start":{"line":118,"column":29},"end":{"line":118,"column":78}},"52":{"start":{"line":119,"column":31},"end":{"line":119,"column":69}},"53":{"start":{"line":120,"column":23},"end":{"line":126,"column":9}},"54":{"start":{"line":127,"column":8},"end":{"line":127,"column":53}},"55":{"start":{"line":128,"column":8},"end":{"line":128,"column":111}},"56":{"start":{"line":129,"column":8},"end":{"line":129,"column":118}},"57":{"start":{"line":131,"column":8},"end":{"line":131,"column":37}},"58":{"start":{"line":133,"column":8},"end":{"line":133,"column":19}},"59":{"start":{"line":137,"column":0},"end":{"line":139,"column":1}},"60":{"start":{"line":138,"column":4},"end":{"line":138,"column":21}},"61":{"start":{"line":141,"column":0},"end":{"line":141,"column":81}}},"fnMap":{"0":{"name":"validateIncome","decl":{"start":{"line":12,"column":9},"end":{"line":12,"column":23}},"loc":{"start":{"line":12,"column":32},"end":{"line":19,"column":1}},"line":12},"1":{"name":"validateDependents","decl":{"start":{"line":20,"column":9},"end":{"line":20,"column":27}},"loc":{"start":{"line":20,"column":40},"end":{"line":27,"column":1}},"line":20},"2":{"name":"getTax","decl":{"start":{"line":29,"column":15},"end":{"line":29,"column":21}},"loc":{"start":{"line":29,"column":30},"end":{"line":43,"column":1}},"line":29},"3":{"name":"getHEM","decl":{"start":{"line":46,"column":15},"end":{"line":46,"column":21}},"loc":{"start":{"line":46,"column":42},"end":{"line":63,"column":1}},"line":46},"4":{"name":"calculateBorrowingPower","decl":{"start":{"line":68,"column":15},"end":{"line":68,"column":38}},"loc":{"start":{"line":68,"column":105},"end":{"line":106,"column":1}},"line":68},"5":{"name":"(anonymous_5)","decl":{"start":{"line":69,"column":80},"end":{"line":69,"column":81}},"loc":{"start":{"line":69,"column":85},"end":{"line":69,"column":100}},"line":69},"6":{"name":"(anonymous_6)","decl":{"start":{"line":72,"column":80},"end":{"line":72,"column":81}},"loc":{"start":{"line":72,"column":85},"end":{"line":72,"column":94}},"line":72},"7":{"name":"runConsoleMode","decl":{"start":{"line":108,"column":15},"end":{"line":108,"column":29}},"loc":{"start":{"line":108,"column":32},"end":{"line":135,"column":1}},"line":108}},"branchMap":{"0":{"loc":{"start":{"line":13,"column":4},"end":{"line":17,"column":5}},"type":"if","locations":[{"start":{"line":13,"column":4},"end":{"line":17,"column":5}},{"start":{"line":15,"column":11},"end":{"line":17,"column":5}}],"line":13},"1":{"loc":{"start":{"line":15,"column":11},"end":{"line":17,"column":5}},"type":"if","locations":[{"start":{"line":15,"column":11},"end":{"line":17,"column":5}},{"start":{},"end":{}}],"line":15},"2":{"loc":{"start":{"line":21,"column":4},"end":{"line":25,"column":5}},"type":"if","locations":[{"start":{"line":21,"column":4},"end":{"line":25,"column":5}},{"start":{"line":23,"column":11},"end":{"line":25,"column":5}}],"line":21},"3":{"loc":{"start":{"line":21,"column":8},"end":{"line":21,"column":67}},"type":"binary-expr","locations":[{"start":{"line":21,"column":8},"end":{"line":21,"column":25}},{"start":{"line":21,"column":29},"end":{"line":21,"column":67}}],"line":21},"4":{"loc":{"start":{"line":23,"column":11},"end":{"line":25,"column":5}},"type":"if","locations":[{"start":{"line":23,"column":11},"end":{"line":25,"column":5}},{"start":{},"end":{}}],"line":23},"5":{"loc":{"start":{"line":69,"column":4},"end":{"line":71,"column":5}},"type":"if","locations":[{"start":{"line":69,"column":4},"end":{"line":71,"column":5}},{"start":{},"end":{}}],"line":69},"6":{"loc":{"start":{"line":72,"column":4},"end":{"line":74,"column":5}},"type":"if","locations":[{"start":{"line":72,"column":4},"end":{"line":74,"column":5}},{"start":{},"end":{}}],"line":72},"7":{"loc":{"start":{"line":91,"column":4},"end":{"line":93,"column":5}},"type":"if","locations":[{"start":{"line":91,"column":4},"end":{"line":93,"column":5}},{"start":{},"end":{}}],"line":91},"8":{"loc":{"start":{"line":137,"column":0},"end":{"line":139,"column":1}},"type":"if","locations":[{"start":{"line":137,"column":0},"end":{"line":139,"column":1}},{"start":{},"end":{}}],"line":137}},"s":{"0":1,"1":1,"2":1,"3":38,"4":1,"5":37,"6":7,"7":30,"8":18,"9":2,"10":16,"11":1,"12":15,"13":20,"14":15,"15":15,"16":15,"17":15,"18":0,"19":15,"20":15,"21":15,"22":15,"23":15,"24":15,"25":0,"26":24,"27":114,"28":4,"29":20,"30":100,"31":0,"32":20,"33":15,"34":15,"35":15,"36":15,"37":15,"38":15,"39":2,"40":13,"41":13,"42":13,"43":0,"44":0,"45":0,"46":0,"47":0,"48":0,"49":0,"50":0,"51":0,"52":0,"53":0,"54":0,"55":0,"56":0,"57":0,"58":0,"59":1,"60":0,"61":1},"f":{"0":38,"1":18,"2":20,"3":15,"4":24,"5":114,"6":100,"7":0},"b":{"0":[1,37],"1":[7,30],"2":[2,16],"3":[18,17],"4":[1,15],"5":[4,20],"6":[0,20],"7":[2,13],"8":[0,1]},"_coverageSchema":"1a1c01bbd47fc00a2c39e90264f33305004495a9","hash":"cd8b2e0abf629e0af7b69fb2ff89e40b7e175843","contentHash":"744e9d5050cd4b1ab34256beb75dd39ccef8a84fe4748ab7a4928610bd66795f"}}